<?xml version="1.0" encoding="UTF-8"?>
<!-- Generated by org.testng.reporters.JUnitReportReporter -->
<testsuite hostname="family" name="com.test.WhiteboxQa" tests="1" failures="0" timestamp="19 Jan 2017 20:50:48 GMT" time="0.051" errors="0">
  <testcase name="verifyTitle" time="0.051" classname="com.test.WhiteboxQa"/>
</testsuite> <!-- com.test.WhiteboxQa -->
